<?xml version="1.0" encoding="UTF-8" standalone="no"?><testsuite errors="0" failures="0" name="Contacts functionalities" skipped="0" tests="6" time="4.51" timestamp="2024-08-19 12:32:49"><testcase name="Should be able to create new contacts when the user logs in"/><testcase name="Should be able to delete the contact"/><testcase name="Should be able to get the recently added contact"/><testcase name="Should be able to get contacts list"/><testcase name="Should be able to update just one attribute of the contact"/><testcase name="Should be able to update the contact information"/></testsuite>